{
  "RSpec": {
    "coverage": {
      "/home/azad/Desktop/work/rails/inventory_management/app/helpers/application_helper.rb": {
        "lines": [
          null,
          null,
          null,
          1,
          1,
          0,
          null,
          null,
          1,
          0,
          null,
          null,
          1,
          0,
          null,
          0,
          null,
          0,
          null,
          0,
          null,
          0,
          null,
          0,
          null,
          0,
          null,
          0,
          null,
          0,
          null,
          0,
          null,
          0,
          null,
          0,
          null,
          0,
          null,
          0,
          null,
          0,
          null,
          0,
          null,
          null,
          null,
          1,
          0,
          0,
          0,
          0,
          null,
          0,
          null,
          null,
          1,
          0,
          0,
          null,
          0,
          null,
          null
        ]
      },
      "/home/azad/Desktop/work/rails/inventory_management/app/helpers/brands_helper.rb": {
        "lines": [
          null,
          null,
          null,
          1,
          null
        ]
      },
      "/home/azad/Desktop/work/rails/inventory_management/app/helpers/categories_helper.rb": {
        "lines": [
          null,
          null,
          null,
          1,
          null
        ]
      },
      "/home/azad/Desktop/work/rails/inventory_management/app/helpers/homes_helper.rb": {
        "lines": [
          null,
          null,
          null,
          1,
          null
        ]
      },
      "/home/azad/Desktop/work/rails/inventory_management/app/helpers/issues_helper.rb": {
        "lines": [
          null,
          null,
          null,
          1,
          1,
          0,
          0,
          0,
          null,
          0,
          null,
          null,
          1,
          0,
          null,
          0,
          null,
          null
        ]
      },
      "/home/azad/Desktop/work/rails/inventory_management/app/helpers/items_helper.rb": {
        "lines": [
          null,
          null,
          null,
          1,
          1,
          0,
          0,
          0,
          0,
          0,
          0,
          null,
          0,
          0,
          null,
          null,
          null,
          1,
          0,
          0,
          0,
          0,
          0,
          0,
          0,
          0,
          null,
          null,
          null,
          1,
          0,
          0,
          0,
          null,
          null,
          null,
          1,
          0,
          null,
          0,
          null,
          null,
          1,
          0,
          0,
          0,
          null,
          null,
          null
        ]
      },
      "/home/azad/Desktop/work/rails/inventory_management/app/helpers/notification_helper.rb": {
        "lines": [
          null,
          null,
          null,
          1,
          null
        ]
      },
      "/home/azad/Desktop/work/rails/inventory_management/app/helpers/sessions_helper.rb": {
        "lines": [
          null,
          null,
          null,
          1,
          null
        ]
      },
      "/home/azad/Desktop/work/rails/inventory_management/app/helpers/users_helper.rb": {
        "lines": [
          null,
          null,
          null,
          1,
          null
        ]
      },
      "/home/azad/Desktop/work/rails/inventory_management/app/models/brand.rb": {
        "lines": [
          null,
          null,
          null,
          1,
          1,
          1,
          1,
          null,
          1,
          1,
          1,
          null,
          null,
          1,
          1,
          1,
          null,
          null,
          1,
          0,
          null,
          null,
          null,
          null,
          null,
          null,
          null,
          null,
          1,
          null
        ]
      },
      "/home/azad/Desktop/work/rails/inventory_management/app/models/application_record.rb": {
        "lines": [
          null,
          null,
          null,
          1,
          1,
          null
        ]
      },
      "/home/azad/Desktop/work/rails/inventory_management/app/models/concerns/searchable.rb": {
        "lines": [
          null,
          null,
          null,
          1,
          1,
          null,
          1,
          4,
          4,
          null,
          null
        ]
      },
      "/home/azad/Desktop/work/rails/inventory_management/app/models/category.rb": {
        "lines": [
          null,
          null,
          null,
          1,
          1,
          1,
          1,
          1,
          1,
          null,
          null,
          null,
          23,
          null,
          1,
          1,
          3,
          null,
          1,
          null,
          null,
          1,
          1,
          1,
          1,
          1,
          null,
          null,
          1,
          1,
          1,
          null,
          null,
          null,
          null,
          1,
          0,
          null,
          null,
          null,
          null,
          null,
          null,
          null,
          null,
          null,
          null,
          null,
          null,
          null,
          null,
          null,
          null,
          null,
          null,
          null,
          null,
          null,
          null,
          null,
          null,
          1,
          null
        ]
      },
      "/home/azad/Desktop/work/rails/inventory_management/app/models/item.rb": {
        "lines": [
          null,
          null,
          null,
          1,
          1,
          1,
          1,
          1,
          1,
          1,
          null,
          1,
          1,
          1,
          1,
          1,
          null,
          null,
          null,
          null,
          null,
          null,
          null,
          null,
          36,
          1,
          1,
          null,
          1,
          null,
          null,
          1,
          1,
          1,
          null,
          null,
          1,
          1,
          1,
          1,
          1,
          1,
          1,
          1,
          null,
          null,
          null,
          null,
          null,
          1,
          null,
          26,
          null,
          null,
          null,
          null,
          null,
          null,
          null,
          null,
          null,
          null,
          null,
          null,
          null,
          1,
          0,
          null,
          null,
          null,
          null,
          null,
          null,
          null,
          null,
          null,
          null,
          null,
          null,
          null,
          null,
          null,
          null,
          null,
          null,
          null,
          null,
          null,
          null,
          null,
          1,
          null
        ]
      },
      "/home/azad/Desktop/work/rails/inventory_management/app/models/notification.rb": {
        "lines": [
          null,
          null,
          null,
          1,
          1,
          1,
          1,
          1,
          1,
          1,
          null
        ]
      },
      "/home/azad/Desktop/work/rails/inventory_management/app/models/user.rb": {
        "lines": [
          null,
          null,
          null,
          1,
          1,
          1,
          1,
          1,
          1,
          null,
          1,
          1,
          null,
          null,
          1,
          1,
          1,
          1,
          1,
          1,
          1,
          null,
          null,
          1,
          1,
          1,
          null,
          null,
          null,
          1,
          null,
          1,
          null,
          null,
          null,
          null,
          null,
          null,
          1,
          0,
          null,
          null,
          null,
          null,
          null,
          null,
          null,
          null,
          1,
          null
        ]
      },
      "/home/azad/Desktop/work/rails/inventory_management/app/channels/application_cable/channel.rb": {
        "lines": [
          null,
          null,
          0,
          0,
          0,
          0
        ],
        "branches": {
        }
      },
      "/home/azad/Desktop/work/rails/inventory_management/app/channels/application_cable/connection.rb": {
        "lines": [
          null,
          null,
          null,
          null,
          0,
          null,
          0,
          0,
          null,
          0,
          0,
          0,
          null,
          0,
          null,
          0,
          0,
          0,
          0,
          0,
          0
        ],
        "branches": {
        }
      },
      "/home/azad/Desktop/work/rails/inventory_management/app/channels/notifications_channel.rb": {
        "lines": [
          null,
          null,
          null,
          0,
          0,
          0,
          0,
          0,
          0,
          0,
          0,
          null,
          0,
          0
        ],
        "branches": {
        }
      },
      "/home/azad/Desktop/work/rails/inventory_management/app/controllers/application_controller.rb": {
        "lines": [
          null,
          null,
          null,
          0,
          0,
          0,
          0,
          null,
          0,
          0,
          null,
          0,
          0,
          null,
          0,
          0,
          null,
          0,
          0,
          null,
          0,
          0,
          null,
          0,
          0,
          0,
          null,
          0,
          0,
          0,
          0,
          0,
          0,
          null,
          0,
          0,
          0,
          0,
          0,
          0,
          null,
          0,
          0,
          0,
          0,
          0,
          null,
          0,
          0,
          0,
          null,
          0,
          0,
          0,
          0,
          null,
          0,
          0,
          0,
          0
        ],
        "branches": {
        }
      },
      "/home/azad/Desktop/work/rails/inventory_management/app/controllers/brands_controller.rb": {
        "lines": [
          null,
          null,
          null,
          0,
          0,
          0,
          0,
          0,
          0,
          0,
          0,
          0,
          0,
          0,
          0,
          null,
          0,
          0,
          0,
          null,
          0,
          0,
          0,
          0,
          0,
          0,
          0,
          0,
          null,
          0,
          null,
          0,
          0,
          0,
          0,
          0,
          0,
          0,
          0,
          null,
          0,
          0,
          0,
          0,
          null,
          0,
          0,
          0,
          0,
          null,
          0,
          null,
          0,
          0,
          0,
          null,
          0,
          0,
          0,
          0
        ],
        "branches": {
        }
      },
      "/home/azad/Desktop/work/rails/inventory_management/app/controllers/categories_controller.rb": {
        "lines": [
          null,
          null,
          null,
          0,
          0,
          0,
          0,
          0,
          0,
          0,
          0,
          0,
          0,
          0,
          null,
          0,
          0,
          0,
          null,
          0,
          0,
          null,
          0,
          0,
          0,
          0,
          0,
          0,
          null,
          0,
          null,
          0,
          0,
          0,
          0,
          0,
          0,
          0,
          null,
          0,
          0,
          0,
          0,
          null,
          0,
          0,
          0,
          null,
          0,
          0,
          0,
          0,
          null,
          0,
          0,
          0,
          0,
          0,
          null,
          0,
          null,
          0,
          0,
          0,
          null,
          0,
          0,
          0,
          0
        ],
        "branches": {
        }
      },
      "/home/azad/Desktop/work/rails/inventory_management/app/controllers/homes_controller.rb": {
        "lines": [
          null,
          null,
          null,
          0,
          0,
          0,
          0,
          0,
          0
        ],
        "branches": {
        }
      },
      "/home/azad/Desktop/work/rails/inventory_management/app/controllers/issues_controller.rb": {
        "lines": [
          null,
          null,
          null,
          0,
          0,
          0,
          0,
          0,
          0,
          0,
          0,
          0,
          0,
          0,
          0,
          0,
          0,
          null,
          0,
          0,
          0,
          0,
          0,
          0,
          0,
          null,
          0,
          0,
          0,
          0,
          0,
          0,
          0,
          0,
          0,
          null,
          0,
          null,
          0,
          0,
          0,
          0,
          0,
          0,
          0,
          0,
          null,
          0,
          0,
          0,
          0,
          0,
          null,
          0,
          0,
          null,
          0,
          0,
          null,
          0,
          null,
          0,
          0,
          0,
          null,
          0,
          0,
          0,
          0
        ],
        "branches": {
        }
      },
      "/home/azad/Desktop/work/rails/inventory_management/app/controllers/items_controller.rb": {
        "lines": [
          null,
          null,
          null,
          0,
          0,
          0,
          0,
          0,
          0,
          0,
          0,
          0,
          0,
          0,
          0,
          0,
          0,
          0,
          0,
          0,
          null,
          0,
          0,
          0,
          null,
          0,
          null,
          0,
          0,
          null,
          0,
          0,
          0,
          0,
          0,
          0,
          null,
          0,
          0,
          0,
          null,
          0,
          0,
          0,
          0,
          0,
          0,
          0,
          0,
          null,
          0,
          0,
          0,
          0,
          0,
          0,
          0,
          null,
          0,
          0,
          0,
          0,
          0,
          null,
          0,
          null,
          0,
          0,
          0,
          null,
          0,
          0,
          0,
          0
        ],
        "branches": {
        }
      },
      "/home/azad/Desktop/work/rails/inventory_management/app/controllers/notification_controller.rb": {
        "lines": [
          null,
          null,
          null,
          0,
          0,
          0,
          0,
          0,
          0
        ],
        "branches": {
        }
      },
      "/home/azad/Desktop/work/rails/inventory_management/app/controllers/sessions_controller.rb": {
        "lines": [
          null,
          null,
          null,
          0,
          0,
          0,
          0,
          null,
          0,
          0,
          0,
          0,
          0,
          0,
          0,
          0,
          0,
          0,
          0,
          null,
          0,
          0,
          0,
          0,
          null,
          0,
          0,
          0,
          0,
          0,
          0,
          0,
          null,
          0,
          0,
          0,
          0,
          0,
          null,
          0,
          0,
          0,
          0,
          0,
          0,
          0,
          0,
          0,
          0,
          null,
          0,
          0,
          0,
          0,
          null,
          0,
          null,
          0,
          0,
          0,
          0,
          0,
          0,
          0,
          null,
          0,
          0,
          0,
          0
        ],
        "branches": {
        }
      },
      "/home/azad/Desktop/work/rails/inventory_management/app/controllers/users_controller.rb": {
        "lines": [
          null,
          null,
          null,
          0,
          0,
          0,
          0,
          0,
          0,
          0,
          0,
          0,
          0,
          0,
          0,
          null,
          0,
          0,
          0,
          null,
          0,
          0,
          0,
          0,
          0,
          null,
          0,
          0,
          null,
          0,
          0,
          0,
          0,
          0,
          0,
          null,
          0,
          null,
          0,
          0,
          0,
          0,
          0,
          0,
          0,
          null,
          0,
          0,
          0,
          0,
          0,
          null,
          0,
          0,
          0,
          0,
          null,
          0,
          null,
          0,
          0,
          0,
          null,
          0,
          0,
          0,
          0
        ],
        "branches": {
        }
      },
      "/home/azad/Desktop/work/rails/inventory_management/app/jobs/application_job.rb": {
        "lines": [
          null,
          null,
          null,
          0,
          null,
          null,
          null,
          null,
          null,
          0
        ],
        "branches": {
        }
      },
      "/home/azad/Desktop/work/rails/inventory_management/app/mailers/application_mailer.rb": {
        "lines": [
          null,
          null,
          null,
          0,
          0,
          0,
          0
        ],
        "branches": {
        }
      },
      "/home/azad/Desktop/work/rails/inventory_management/app/mailers/user_mailer.rb": {
        "lines": [
          null,
          null,
          null,
          0,
          0,
          null,
          0,
          0,
          0,
          0,
          null,
          0,
          0,
          0,
          0,
          0,
          0
        ],
        "branches": {
        }
      },
      "/home/azad/Desktop/work/rails/inventory_management/app/models/issue.rb": {
        "lines": [
          null,
          null,
          null,
          0,
          0,
          0,
          0,
          0,
          0,
          0,
          0,
          0,
          0,
          0,
          0,
          0,
          0,
          0,
          0,
          null,
          null,
          0,
          0,
          0,
          0,
          0,
          0,
          0,
          0,
          null,
          null,
          0,
          0,
          0,
          0,
          0,
          0,
          0,
          0,
          0,
          0,
          0,
          0
        ],
        "branches": {
        }
      }
    },
    "timestamp": 1690367745
  }
}
